0 info it worked if it ends with ok
1 verbose cli [ '/usr/local/bin/node', '/usr/local/bin/npm', 'run', 'watch' ]
2 info using npm@1.4.28
3 info using node@v0.10.36
4 verbose run-script [ 'prewatch', 'watch', 'postwatch' ]
5 info prewatch ConfBoilerplate@0.2.0
6 info watch ConfBoilerplate@0.2.0
7 verbose unsafe-perm in lifecycle true
8 info ConfBoilerplate@0.2.0 Failed to exec watch script
9 error ConfBoilerplate@0.2.0 watch: `node metalsmith.js watch`
9 error Exit status 8
10 error Failed at the ConfBoilerplate@0.2.0 watch script.
10 error This is most likely a problem with the ConfBoilerplate package,
10 error not with npm itself.
10 error Tell the author that this fails on your system:
10 error     node metalsmith.js watch
10 error You can get their info via:
10 error     npm owner ls ConfBoilerplate
10 error There is likely additional logging output above.
11 error System Darwin 14.1.0
12 error command "/usr/local/bin/node" "/usr/local/bin/npm" "run" "watch"
13 error cwd /Users/obetomuniz/Workspace/projects/conf-boilerplate
14 error node -v v0.10.36
15 error npm -v 1.4.28
16 error code ELIFECYCLE
17 verbose exit [ 1, true ]
